android/app/build/outputs/logs/manifest-merger-release-report.txt
-- Merging decision tree log ---
manifest
ADDED from src\main\AndroidManifest.xml:1:1-61:12
INJECTED from src\main\AndroidManifest.xml:1:1-61:12
INJECTED from src\main\AndroidManifest.xml:1:1-61:12
INJECTED from src\main\AndroidManifest.xml:1:1-61:12
MERGED from [:alert] AndroidManifest.xml:2:1-7:12
MERGED from [:google_mobile_ads] AndroidManifest.xml:2:1-15:12
MERGED from [:sqflite] AndroidManifest.xml:2:1-7:12
MERGED from [:flutter_local_notifications] AndroidManifest.xml:2:1-23:12
MERGED from [:path_provider] AndroidManifest.xml:2:1-7:12
MERGED from [com.google.android.gms:play-services-ads:20.1.0] AndroidManifest.xml:17:1-25:12
MERGED from [androidx.media:media:1.1.0] AndroidManifest.xml:17:1-24:12
MERGED from [com.google.android.gms:play-services-ads-lite:20.1.0] AndroidManifest.xml:17:1-66:12
MERGED from [com.google.android.gms:play-services-ads-base:20.1.0] AndroidManifest.xml:2:1-9:12
MERGED from [com.google.android.ump:user-messaging-platform:1.0.0] AndroidManifest.xml:2:1-7:12
MERGED from [com.google.android.gms:play-services-ads-identifier:17.0.0] AndroidManifest.xml:17:1-24:12
MERGED from [com.google.android.gms:play-services-tasks:17.0.0] AndroidManifest.xml:2:1-9:12
MERGED from [com.google.android.gms:play-services-measurement-sdk-api:18.0.0] AndroidManifest.xml:17:1-27:12
MERGED from [com.google.android.gms:play-services-measurement-base:18.0.0] AndroidManifest.xml:2:1-9:12
MERGED from [com.google.android.gms:play-services-basement:17.6.0] AndroidManifest.xml:17:1-28:12
MERGED from [androidx.fragment:fragment:1.1.0] AndroidManifest.xml:17:1-24:12
MERGED from [androidx.browser:browser:1.0.0] AndroidManifest.xml:17:1-22:12
MERGED from [androidx.legacy:legacy-support-core-ui:1.0.0] AndroidManifest.xml:17:1-22:12
MERGED from [androidx.viewpager:viewpager:1.0.0] AndroidManifest.xml:17:1-22:12
MERGED from [androidx.legacy:legacy-support-core-utils:1.0.0] AndroidManifest.xml:17:1-22:12
MERGED from [androidx.loader:loader:1.0.0] AndroidManifest.xml:17:1-22:12
MERGED from [androidx.activity:activity:1.0.0] AndroidManifest.xml:17:1-24:12
MERGED from [androidx.work:work-runtime:2.1.0] AndroidManifest.xml:17:1-125:12
MERGED from [androidx.coordinatorlayout:coordinatorlayout:1.0.0] AndroidManifest.xml:17:1-22:12
MERGED from [androidx.drawerlayout:drawerlayout:1.0.0] AndroidManifest.xml:17:1-22:12
MERGED from [androidx.slidingpanelayout:slidingpanelayout:1.0.0] AndroidManifest.xml:17:1-22:12
MERGED from [androidx.customview:customview:1.0.0] AndroidManifest.xml:17:1-22:12
MERGED from [androidx.swiperefreshlayout:swiperefreshlayout:1.0.0] AndroidManifest.xml:17:1-22:12
MERGED from [androidx.asynclayoutinflater:asynclayoutinflater:1.0.0] AndroidManifest.xml:17:1-22:12
MERGED from [androidx.room:room-runtime:2.1.0] AndroidManifest.xml:17:1-30:12
MERGED from [androidx.core:core:1.3.0] AndroidManifest.xml:17:1-26:12
MERGED from [com.jakewharton.threetenabp:threetenabp:1.2.3] AndroidManifest.xml:2:1-9:12
MERGED from [androidx.lifecycle:lifecycle-service:2.0.0] AndroidManifest.xml:17:1-22:12
MERGED from [androidx.lifecycle:lifecycle-runtime:2.2.0] AndroidManifest.xml:17:1-24:12
MERGED from [androidx.savedstate:savedstate:1.0.0] AndroidManifest.xml:17:1-24:12
MERGED from [androidx.lifecycle:lifecycle-livedata:2.0.0] AndroidManifest.xml:17:1-22:12
MERGED from [androidx.lifecycle:lifecycle-livedata-core:2.0.0] AndroidManifest.xml:17:1-22:12
MERGED from [androidx.versionedparcelable:versionedparcelable:1.1.0] AndroidManifest.xml:17:1-27:12
MERGED from [androidx.arch.core:core-runtime:2.0.1] AndroidManifest.xml:17:1-22:12
MERGED from [androidx.interpolator:interpolator:1.0.0] AndroidManifest.xml:17:1-22:12
MERGED from [androidx.lifecycle:lifecycle-viewmodel:2.1.0] AndroidManifest.xml:17:1-22:12
MERGED from [androidx.cursoradapter:cursoradapter:1.0.0] AndroidManifest.xml:17:1-22:12
MERGED from [androidx.documentfile:documentfile:1.0.0] AndroidManifest.xml:17:1-22:12
MERGED from [androidx.localbroadcastmanager:localbroadcastmanager:1.0.0] AndroidManifest.xml:17:1-22:12
MERGED from [androidx.print:print:1.0.0] AndroidManifest.xml:17:1-22:12
MERGED from [androidx.sqlite:sqlite-framework:2.0.1] AndroidManifest.xml:17:1-22:12
MERGED from [androidx.sqlite:sqlite:2.0.1] AndroidManifest.xml:17:1-22:12
INJECTED from src\main\AndroidManifest.xml:1:1-61:12
INJECTED from src\main\AndroidManifest.xml:1:1-61:12
INJECTED from src\main\AndroidManifest.xml:1:1-61:12
	package
		ADDED from src\main\AndroidManifest.xml:2:5-44
		INJECTED from src\main\AndroidManifest.xml
		INJECTED from src\main\AndroidManifest.xml
	android:versionName
		INJECTED from src\main\AndroidManifest.xml
		ADDED from src\main\AndroidManifest.xml:1:1-61:12
		INJECTED from src\main\AndroidManifest.xml
	android:versionCode
		INJECTED from src\main\AndroidManifest.xml
		ADDED from src\main\AndroidManifest.xml:1:1-61:12
		INJECTED from src\main\AndroidManifest.xml
	xmlns:android
		ADDED from src\main\AndroidManifest.xml:1:11-69
uses-permission#android.permission.INTERNET
ADDED from src\main\AndroidManifest.xml:3:4-65
MERGED from [:google_mobile_ads] AndroidManifest.xml:7:5-67
MERGED from [:google_mobile_ads] AndroidManifest.xml:7:5-67
MERGED from [com.google.android.gms:play-services-ads-lite:20.1.0] AndroidManifest.xml:23:5-67
MERGED from [com.google.android.gms:play-services-ads-lite:20.1.0] AndroidManifest.xml:23:5-67
MERGED from [com.google.android.gms:play-services-measurement-sdk-api:18.0.0] AndroidManifest.xml:23:5-67
MERGED from [com.google.android.gms:play-services-measurement-sdk-api:18.0.0] AndroidManifest.xml:23:5-67
	android:name
		ADDED from src\main\AndroidManifest.xml:3:21-63
uses-permission#android.permission.FOREGROUND_SERVICE
ADDED from src\main\AndroidManifest.xml:4:4-76
	android:name
		ADDED from src\main\AndroidManifest.xml:4:21-73
uses-permission#android.permission.VIBRATE
ADDED from src\main\AndroidManifest.xml:5:4-65
MERGED from [:flutter_local_notifications] AndroidManifest.xml:8:5-66
MERGED from [:flutter_local_notifications] AndroidManifest.xml:8:5-66
	android:name
		ADDED from src\main\AndroidManifest.xml:5:21-62
application
ADDED from src\main\AndroidManifest.xml:6:4-60:19
MERGED from [:google_mobile_ads] AndroidManifest.xml:9:5-13:19
MERGED from [:google_mobile_ads] AndroidManifest.xml:9:5-13:19
MERGED from [:flutter_local_notifications] AndroidManifest.xml:11:5-21:19
MERGED from [:flutter_local_notifications] AndroidManifest.xml:11:5-21:19
MERGED from [com.google.android.gms:play-services-ads-lite:20.1.0] AndroidManifest.xml:45:5-64:19
MERGED from [com.google.android.gms:play-services-ads-lite:20.1.0] AndroidManifest.xml:45:5-64:19
MERGED from [com.google.android.gms:play-services-ads-base:20.1.0] AndroidManifest.xml:7:5-20
MERGED from [com.google.android.gms:play-services-ads-base:20.1.0] AndroidManifest.xml:7:5-20
MERGED from [com.google.android.gms:play-services-ads-identifier:17.0.0] AndroidManifest.xml:22:5-20
MERGED from [com.google.android.gms:play-services-ads-identifier:17.0.0] AndroidManifest.xml:22:5-20
MERGED from [com.google.android.gms:play-services-tasks:17.0.0] AndroidManifest.xml:7:5-20
MERGED from [com.google.android.gms:play-services-tasks:17.0.0] AndroidManifest.xml:7:5-20
MERGED from [com.google.android.gms:play-services-measurement-base:18.0.0] AndroidManifest.xml:7:5-20
MERGED from [com.google.android.gms:play-services-measurement-base:18.0.0] AndroidManifest.xml:7:5-20
MERGED from [com.google.android.gms:play-services-basement:17.6.0] AndroidManifest.xml:22:5-26:19
MERGED from [com.google.android.gms:play-services-basement:17.6.0] AndroidManifest.xml:22:5-26:19
MERGED from [androidx.work:work-runtime:2.1.0] AndroidManifest.xml:29:5-123:19
MERGED from [androidx.work:work-runtime:2.1.0] AndroidManifest.xml:29:5-123:19
MERGED from [androidx.room:room-runtime:2.1.0] AndroidManifest.xml:24:5-28:19
MERGED from [androidx.room:room-runtime:2.1.0] AndroidManifest.xml:24:5-28:19
MERGED from [androidx.core:core:1.3.0] AndroidManifest.xml:24:5-89
MERGED from [androidx.core:core:1.3.0] AndroidManifest.xml:24:5-89
MERGED from [com.jakewharton.threetenabp:threetenabp:1.2.3] AndroidManifest.xml:7:5-20
MERGED from [com.jakewharton.threetenabp:threetenabp:1.2.3] AndroidManifest.xml:7:5-20
MERGED from [androidx.versionedparcelable:versionedparcelable:1.1.0] AndroidManifest.xml:24:5-25:19
MERGED from [androidx.versionedparcelable:versionedparcelable:1.1.0] AndroidManifest.xml:24:5-25:19
	android:appComponentFactory
		ADDED from [androidx.core:core:1.3.0] AndroidManifest.xml:24:18-86
	android:label
		ADDED from src\main\AndroidManifest.xml:7:9-60
	android:icon
		ADDED from src\main\AndroidManifest.xml:8:9-43
meta-data#com.google.android.gms.ads.APPLICATION_ID
ADDED from src\main\AndroidManifest.xml:10:9-12:69
	android:value
		ADDED from src\main\AndroidManifest.xml:12:13-67
	android:name
		ADDED from src\main\AndroidManifest.xml:11:13-69
activity#com.example.child_vaccination.MainActivity
ADDED from src\main\AndroidManifest.xml:13:9-43:20
	android:turnScreenOn
		ADDED from src\main\AndroidManifest.xml:21:13-40
	android:showWhenLocked
		ADDED from src\main\AndroidManifest.xml:20:13-42
	android:launchMode
		ADDED from src\main\AndroidManifest.xml:15:13-43
	android:hardwareAccelerated
		ADDED from src\main\AndroidManifest.xml:18:13-47
	android:windowSoftInputMode
		ADDED from src\main\AndroidManifest.xml:19:13-55
	android:configChanges
		ADDED from src\main\AndroidManifest.xml:17:13-163
	android:theme
		ADDED from src\main\AndroidManifest.xml:16:13-47
	android:name
		ADDED from src\main\AndroidManifest.xml:14:13-41
meta-data#io.flutter.embedding.android.NormalTheme
ADDED from src\main\AndroidManifest.xml:26:13-29:17
	android:resource
		ADDED from src\main\AndroidManifest.xml:28:15-52
	android:name
		ADDED from src\main\AndroidManifest.xml:27:15-70
meta-data#io.flutter.embedding.android.SplashScreenDrawable
ADDED from src\main\AndroidManifest.xml:35:13-38:17
	android:resource
		ADDED from src\main\AndroidManifest.xml:37:15-61
	android:name
		ADDED from src\main\AndroidManifest.xml:36:15-79
intent-filter#action:name:android.intent.action.MAIN+category:name:android.intent.category.LAUNCHER
ADDED from src\main\AndroidManifest.xml:39:13-42:29
action#android.intent.action.MAIN
ADDED from src\main\AndroidManifest.xml:40:17-68
	android:name
		ADDED from src\main\AndroidManifest.xml:40:25-66
category#android.intent.category.LAUNCHER
ADDED from src\main\AndroidManifest.xml:41:17-76
	android:name
		ADDED from src\main\AndroidManifest.xml:41:27-74
receiver#com.dexterous.flutterlocalnotifications.ScheduledNotificationBootReceiver
ADDED from src\main\AndroidManifest.xml:44:9-49:20
MERGED from [:flutter_local_notifications] AndroidManifest.xml:13:9-20:20
MERGED from [:flutter_local_notifications] AndroidManifest.xml:13:9-20:20
	android:name
		ADDED from src\main\AndroidManifest.xml:44:19-107
intent-filter#action:name:android.intent.action.BOOT_COMPLETED+action:name:android.intent.action.MY_PACKAGE_REPLACED
ADDED from src\main\AndroidManifest.xml:45:13-48:29
action#android.intent.action.BOOT_COMPLETED
ADDED from src\main\AndroidManifest.xml:46:17-78
	android:name
		ADDED from src\main\AndroidManifest.xml:46:25-76
action#android.intent.action.MY_PACKAGE_REPLACED
ADDED from src\main\AndroidManifest.xml:47:17-83
	android:name
		ADDED from src\main\AndroidManifest.xml:47:25-81
receiver#com.dexterous.flutterlocalnotifications.ScheduledNotificationReceiver
ADDED from src\main\AndroidManifest.xml:50:9-106
MERGED from [:flutter_local_notifications] AndroidManifest.xml:12:9-106
MERGED from [:flutter_local_notifications] AndroidManifest.xml:12:9-106
	android:name
		ADDED from src\main\AndroidManifest.xml:50:19-103
meta-data#flutterEmbedding
ADDED from src\main\AndroidManifest.xml:53:9-55:33
	android:value
		ADDED from src\main\AndroidManifest.xml:55:13-30
	android:name
		ADDED from src\main\AndroidManifest.xml:54:13-44
service#com.dexterous.flutterlocalnotifications.ForegroundService
ADDED from src\main\AndroidManifest.xml:56:10-59:43
	android:exported
		ADDED from src\main\AndroidManifest.xml:58:13-37
	android:stopWithTask
		ADDED from src\main\AndroidManifest.xml:59:13-41
	android:name
		ADDED from src\main\AndroidManifest.xml:57:13-85
uses-sdk
INJECTED from src\main\AndroidManifest.xml reason: use-sdk injection requested
INJECTED from src\main\AndroidManifest.xml
INJECTED from src\main\AndroidManifest.xml
MERGED from [:alert] AndroidManifest.xml:5:5-44
MERGED from [:alert] AndroidManifest.xml:5:5-44
MERGED from [:google_mobile_ads] AndroidManifest.xml:5:5-44
MERGED from [:google_mobile_ads] AndroidManifest.xml:5:5-44
MERGED from [:sqflite] AndroidManifest.xml:5:5-44
MERGED from [:sqflite] AndroidManifest.xml:5:5-44
MERGED from [:flutter_local_notifications] AndroidManifest.xml:5:5-44
MERGED from [:flutter_local_notifications] AndroidManifest.xml:5:5-44
MERGED from [:path_provider] AndroidManifest.xml:5:5-44
MERGED from [:path_provider] AndroidManifest.xml:5:5-44
MERGED from [com.google.android.gms:play-services-ads:20.1.0] AndroidManifest.xml:21:5-23:52
MERGED from [com.google.android.gms:play-services-ads:20.1.0] AndroidManifest.xml:21:5-23:52
MERGED from [androidx.media:media:1.1.0] AndroidManifest.xml:20:5-22:41
MERGED from [androidx.media:media:1.1.0] AndroidManifest.xml:20:5-22:41
MERGED from [com.google.android.gms:play-services-ads-lite:20.1.0] AndroidManifest.xml:20:5-44
MERGED from [com.google.android.gms:play-services-ads-lite:20.1.0] AndroidManifest.xml:20:5-44
MERGED from [com.google.android.gms:play-services-ads-base:20.1.0] AndroidManifest.xml:5:5-44
MERGED from [com.google.android.gms:play-services-ads-base:20.1.0] AndroidManifest.xml:5:5-44
MERGED from [com.google.android.ump:user-messaging-platform:1.0.0] AndroidManifest.xml:5:5-44
MERGED from [com.google.android.ump:user-messaging-platform:1.0.0] AndroidManifest.xml:5:5-44
MERGED from [com.google.android.gms:play-services-ads-identifier:17.0.0] AndroidManifest.xml:20:5-44
MERGED from [com.google.android.gms:play-services-ads-identifier:17.0.0] AndroidManifest.xml:20:5-44
MERGED from [com.google.android.gms:play-services-tasks:17.0.0] AndroidManifest.xml:5:5-44
MERGED from [com.google.android.gms:play-services-tasks:17.0.0] AndroidManifest.xml:5:5-44
MERGED from [com.google.android.gms:play-services-measurement-sdk-api:18.0.0] AndroidManifest.xml:20:5-44
MERGED from [com.google.android.gms:play-services-measurement-sdk-api:18.0.0] AndroidManifest.xml:20:5-44
MERGED from [com.google.android.gms:play-services-measurement-base:18.0.0] AndroidManifest.xml:5:5-44
MERGED from [com.google.android.gms:play-services-measurement-base:18.0.0] AndroidManifest.xml:5:5-44
MERGED from [com.google.android.gms:play-services-basement:17.6.0] AndroidManifest.xml:20:5-44
MERGED from [com.google.android.gms:play-services-basement:17.6.0] AndroidManifest.xml:20:5-44
MERGED from [androidx.fragment:fragment:1.1.0] AndroidManifest.xml:20:5-22:41
MERGED from [androidx.fragment:fragment:1.1.0] AndroidManifest.xml:20:5-22:41
MERGED from [androidx.browser:browser:1.0.0] AndroidManifest.xml:20:5-44
MERGED from [androidx.browser:browser:1.0.0] AndroidManifest.xml:20:5-44
MERGED from [androidx.legacy:legacy-support-core-ui:1.0.0] AndroidManifest.xml:20:5-44
MERGED from [androidx.legacy:legacy-support-core-ui:1.0.0] AndroidManifest.xml:20:5-44
MERGED from [androidx.viewpager:viewpager:1.0.0] AndroidManifest.xml:20:5-44
MERGED from [androidx.viewpager:viewpager:1.0.0] AndroidManifest.xml:20:5-44
MERGED from [androidx.legacy:legacy-support-core-utils:1.0.0] AndroidManifest.xml:20:5-44
MERGED from [androidx.legacy:legacy-support-core-utils:1.0.0] AndroidManifest.xml:20:5-44
MERGED from [androidx.loader:loader:1.0.0] AndroidManifest.xml:20:5-44
MERGED from [androidx.loader:loader:1.0.0] AndroidManifest.xml:20:5-44
MERGED from [androidx.activity:activity:1.0.0] AndroidManifest.xml:20:5-22:41
MERGED from [androidx.activity:activity:1.0.0] AndroidManifest.xml:20:5-22:41
MERGED from [androidx.work:work-runtime:2.1.0] AndroidManifest.xml:21:5-23:41
MERGED from [androidx.work:work-runtime:2.1.0] AndroidManifest.xml:21:5-23:41
MERGED from [androidx.coordinatorlayout:coordinatorlayout:1.0.0] AndroidManifest.xml:20:5-44
MERGED from [androidx.coordinatorlayout:coordinatorlayout:1.0.0] AndroidManifest.xml:20:5-44
MERGED from [androidx.drawerlayout:drawerlayout:1.0.0] AndroidManifest.xml:20:5-44
MERGED from [androidx.drawerlayout:drawerlayout:1.0.0] AndroidManifest.xml:20:5-44
MERGED from [androidx.slidingpanelayout:slidingpanelayout:1.0.0] AndroidManifest.xml:20:5-44
MERGED from [androidx.slidingpanelayout:slidingpanelayout:1.0.0] AndroidManifest.xml:20:5-44
MERGED from [androidx.customview:customview:1.0.0] AndroidManifest.xml:20:5-44
MERGED from [androidx.customview:customview:1.0.0] AndroidManifest.xml:20:5-44
MERGED from [androidx.swiperefreshlayout:swiperefreshlayout:1.0.0] AndroidManifest.xml:20:5-44
MERGED from [androidx.swiperefreshlayout:swiperefreshlayout:1.0.0] AndroidManifest.xml:20:5-44
MERGED from [androidx.asynclayoutinflater:asynclayoutinflater:1.0.0] AndroidManifest.xml:20:5-44
MERGED from [androidx.asynclayoutinflater:asynclayoutinflater:1.0.0] AndroidManifest.xml:20:5-44
MERGED from [androidx.room:room-runtime:2.1.0] AndroidManifest.xml:20:5-22:41
MERGED from [androidx.room:room-runtime:2.1.0] AndroidManifest.xml:20:5-22:41
MERGED from [androidx.core:core:1.3.0] AndroidManifest.xml:20:5-22:41
MERGED from [androidx.core:core:1.3.0] AndroidManifest.xml:20:5-22:41
MERGED from [com.jakewharton.threetenabp:threetenabp:1.2.3] AndroidManifest.xml:5:5-44
MERGED from [com.jakewharton.threetenabp:threetenabp:1.2.3] AndroidManifest.xml:5:5-44
MERGED from [androidx.lifecycle:lifecycle-service:2.0.0] AndroidManifest.xml:20:5-44
MERGED from [androidx.lifecycle:lifecycle-service:2.0.0] AndroidManifest.xml:20:5-44
MERGED from [androidx.lifecycle:lifecycle-runtime:2.2.0] AndroidManifest.xml:20:5-22:41
MERGED from [androidx.lifecycle:lifecycle-runtime:2.2.0] AndroidManifest.xml:20:5-22:41
MERGED from [androidx.savedstate:savedstate:1.0.0] AndroidManifest.xml:20:5-22:41
MERGED from [androidx.savedstate:savedstate:1.0.0] AndroidManifest.xml:20:5-22:41
MERGED from [androidx.lifecycle:lifecycle-livedata:2.0.0] AndroidManifest.xml:20:5-44
MERGED from [androidx.lifecycle:lifecycle-livedata:2.0.0] AndroidManifest.xml:20:5-44
MERGED from [androidx.lifecycle:lifecycle-livedata-core:2.0.0] AndroidManifest.xml:20:5-44
MERGED from [androidx.lifecycle:lifecycle-livedata-core:2.0.0] AndroidManifest.xml:20:5-44
MERGED from [androidx.versionedparcelable:versionedparcelable:1.1.0] AndroidManifest.xml:20:5-22:41
MERGED from [androidx.versionedparcelable:versionedparcelable:1.1.0] AndroidManifest.xml:20:5-22:41
MERGED from [androidx.arch.core:core-runtime:2.0.1] AndroidManifest.xml:20:5-44
MERGED from [androidx.arch.core:core-runtime:2.0.1] AndroidManifest.xml:20:5-44
MERGED from [androidx.interpolator:interpolator:1.0.0] AndroidManifest.xml:20:5-44
MERGED from [androidx.interpolator:interpolator:1.0.0] AndroidManifest.xml:20:5-44
MERGED from [androidx.lifecycle:lifecycle-viewmodel:2.1.0] AndroidManifest.xml:20:5-44
MERGED from [androidx.lifecycle:lifecycle-viewmodel:2.1.0] AndroidManifest.xml:20:5-44
MERGED from [androidx.cursoradapter:cursoradapter:1.0.0] AndroidManifest.xml:20:5-44
MERGED from [androidx.cursoradapter:cursoradapter:1.0.0] AndroidManifest.xml:20:5-44
MERGED from [androidx.documentfile:documentfile:1.0.0] AndroidManifest.xml:20:5-44
MERGED from [androidx.documentfile:documentfile:1.0.0] AndroidManifest.xml:20:5-44
MERGED from [androidx.localbroadcastmanager:localbroadcastmanager:1.0.0] AndroidManifest.xml:20:5-44
MERGED from [androidx.localbroadcastmanager:localbroadcastmanager:1.0.0] AndroidManifest.xml:20:5-44
MERGED from [androidx.print:print:1.0.0] AndroidManifest.xml:20:5-44
MERGED from [androidx.print:print:1.0.0] AndroidManifest.xml:20:5-44
MERGED from [androidx.sqlite:sqlite-framework:2.0.1] AndroidManifest.xml:20:5-44
MERGED from [androidx.sqlite:sqlite-framework:2.0.1] AndroidManifest.xml:20:5-44
MERGED from [androidx.sqlite:sqlite:2.0.1] AndroidManifest.xml:20:5-44
MERGED from [androidx.sqlite:sqlite:2.0.1] AndroidManifest.xml:20:5-44
INJECTED from src\main\AndroidManifest.xml
INJECTED from src\main\AndroidManifest.xml
	tools:overrideLibrary
		ADDED from [com.google.android.gms:play-services-ads:20.1.0] AndroidManifest.xml:23:9-49
	android:targetSdkVersion
		INJECTED from src\main\AndroidManifest.xml
		ADDED from src\main\AndroidManifest.xml
		INJECTED from src\main\AndroidManifest.xml
	android:minSdkVersion
		INJECTED from src\main\AndroidManifest.xml
		ADDED from src\main\AndroidManifest.xml
		INJECTED from src\main\AndroidManifest.xml
meta-data#io.flutter.embedded_views_preview
ADDED from [:google_mobile_ads] AndroidManifest.xml:10:9-12:36
	android:value
		ADDED from [:google_mobile_ads] AndroidManifest.xml:12:13-33
	android:name
		ADDED from [:google_mobile_ads] AndroidManifest.xml:11:13-61
uses-permission#android.permission.RECEIVE_BOOT_COMPLETED
ADDED from [:flutter_local_notifications] AndroidManifest.xml:7:5-81
MERGED from [androidx.work:work-runtime:2.1.0] AndroidManifest.xml:27:5-81
MERGED from [androidx.work:work-runtime:2.1.0] AndroidManifest.xml:27:5-81
	android:name
		ADDED from [:flutter_local_notifications] AndroidManifest.xml:7:22-78
uses-permission#android.permission.USE_FULL_SCREEN_INTENT
ADDED from [:flutter_local_notifications] AndroidManifest.xml:9:5-81
	android:name
		ADDED from [:flutter_local_notifications] AndroidManifest.xml:9:22-78
intent-filter#action:name:android.intent.action.BOOT_COMPLETED+action:name:android.intent.action.MY_PACKAGE_REPLACED+action:name:android.intent.action.QUICKBOOT_POWERON+action:name:com.htc.intent.action.QUICKBOOT_POWERON
ADDED from [:flutter_local_notifications] AndroidManifest.xml:14:13-19:29
action#android.intent.action.QUICKBOOT_POWERON
ADDED from [:flutter_local_notifications] AndroidManifest.xml:17:17-82
	android:name
		ADDED from [:flutter_local_notifications] AndroidManifest.xml:17:25-79
action#com.htc.intent.action.QUICKBOOT_POWERON
ADDED from [:flutter_local_notifications] AndroidManifest.xml:18:17-82
	android:name
		ADDED from [:flutter_local_notifications] AndroidManifest.xml:18:25-79
uses-permission#android.permission.ACCESS_NETWORK_STATE
ADDED from [com.google.android.gms:play-services-ads-lite:20.1.0] AndroidManifest.xml:24:5-79
MERGED from [com.google.android.gms:play-services-measurement-sdk-api:18.0.0] AndroidManifest.xml:24:5-79
MERGED from [com.google.android.gms:play-services-measurement-sdk-api:18.0.0] AndroidManifest.xml:24:5-79
MERGED from [androidx.work:work-runtime:2.1.0] AndroidManifest.xml:26:5-79
MERGED from [androidx.work:work-runtime:2.1.0] AndroidManifest.xml:26:5-79
	android:name
		ADDED from [com.google.android.gms:play-services-ads-lite:20.1.0] AndroidManifest.xml:24:22-76
queries
ADDED from [com.google.android.gms:play-services-ads-lite:20.1.0] AndroidManifest.xml:27:5-43:15
intent#action:name:android.intent.action.VIEW+category:name:android.intent.category.BROWSABLE+data:scheme:https
ADDED from [com.google.android.gms:play-services-ads-lite:20.1.0] AndroidManifest.xml:30:9-36:18
action#android.intent.action.VIEW
ADDED from [com.google.android.gms:play-services-ads-lite:20.1.0] AndroidManifest.xml:31:13-65
	android:name
		ADDED from [com.google.android.gms:play-services-ads-lite:20.1.0] AndroidManifest.xml:31:21-62
category#android.intent.category.BROWSABLE
ADDED from [com.google.android.gms:play-services-ads-lite:20.1.0] AndroidManifest.xml:33:13-74
	android:name
		ADDED from [com.google.android.gms:play-services-ads-lite:20.1.0] AndroidManifest.xml:33:23-71
data
ADDED from [com.google.android.gms:play-services-ads-lite:20.1.0] AndroidManifest.xml:35:13-44
	android:scheme
		ADDED from [com.google.android.gms:play-services-ads-lite:20.1.0] AndroidManifest.xml:35:19-41
intent#action:name:android.support.customtabs.action.CustomTabsService
ADDED from [com.google.android.gms:play-services-ads-lite:20.1.0] AndroidManifest.xml:39:9-41:18
action#android.support.customtabs.action.CustomTabsService
ADDED from [com.google.android.gms:play-services-ads-lite:20.1.0] AndroidManifest.xml:40:13-90
	android:name
		ADDED from [com.google.android.gms:play-services-ads-lite:20.1.0] AndroidManifest.xml:40:21-87
activity#com.google.android.gms.ads.AdActivity
ADDED from [com.google.android.gms:play-services-ads-lite:20.1.0] AndroidManifest.xml:48:9-52:64
	android:exported
		ADDED from [com.google.android.gms:play-services-ads-lite:20.1.0] AndroidManifest.xml:51:13-37
	android:configChanges
		ADDED from [com.google.android.gms:play-services-ads-lite:20.1.0] AndroidManifest.xml:50:13-122
	android:theme
		ADDED from [com.google.android.gms:play-services-ads-lite:20.1.0] AndroidManifest.xml:52:13-61
	android:name
		ADDED from [com.google.android.gms:play-services-ads-lite:20.1.0] AndroidManifest.xml:49:13-65
provider#com.google.android.gms.ads.MobileAdsInitProvider
ADDED from [com.google.android.gms:play-services-ads-lite:20.1.0] AndroidManifest.xml:54:9-58:39
	android:authorities
		ADDED from [com.google.android.gms:play-services-ads-lite:20.1.0] AndroidManifest.xml:56:13-73
	android:exported
		ADDED from [com.google.android.gms:play-services-ads-lite:20.1.0] AndroidManifest.xml:57:13-37
	android:initOrder
		ADDED from [com.google.android.gms:play-services-ads-lite:20.1.0] AndroidManifest.xml:58:13-36
	android:name
		ADDED from [com.google.android.gms:play-services-ads-lite:20.1.0] AndroidManifest.xml:55:13-76
service#com.google.android.gms.ads.AdService
ADDED from [com.google.android.gms:play-services-ads-lite:20.1.0] AndroidManifest.xml:60:9-63:40
	android:enabled
		ADDED from [com.google.android.gms:play-services-ads-lite:20.1.0] AndroidManifest.xml:62:13-35
	android:exported
		ADDED from [com.google.android.gms:play-services-ads-lite:20.1.0] AndroidManifest.xml:63:13-37
	android:name
		ADDED from [com.google.android.gms:play-services-ads-lite:20.1.0] AndroidManifest.xml:61:13-64
uses-permission#android.permission.WAKE_LOCK
ADDED from [com.google.android.gms:play-services-measurement-sdk-api:18.0.0] AndroidManifest.xml:25:5-68
MERGED from [androidx.work:work-runtime:2.1.0] AndroidManifest.xml:25:5-68
MERGED from [androidx.work:work-runtime:2.1.0] AndroidManifest.xml:25:5-68
	android:name
		ADDED from [com.google.android.gms:play-services-measurement-sdk-api:18.0.0] AndroidManifest.xml:25:22-65
meta-data#com.google.android.gms.version
ADDED from [com.google.android.gms:play-services-basement:17.6.0] AndroidManifest.xml:23:9-25:69
	android:value
		ADDED from [com.google.android.gms:play-services-basement:17.6.0] AndroidManifest.xml:25:13-66
	android:name
		ADDED from [com.google.android.gms:play-services-basement:17.6.0] AndroidManifest.xml:24:13-58
provider#androidx.work.impl.WorkManagerInitializer
ADDED from [androidx.work:work-runtime:2.1.0] AndroidManifest.xml:30:9-36:35
	android:authorities
		ADDED from [androidx.work:work-runtime:2.1.0] AndroidManifest.xml:32:13-68
	android:multiprocess
		ADDED from [androidx.work:work-runtime:2.1.0] AndroidManifest.xml:35:13-40
	android:exported
		ADDED from [androidx.work:work-runtime:2.1.0] AndroidManifest.xml:34:13-37
	tools:targetApi
		ADDED from [androidx.work:work-runtime:2.1.0] AndroidManifest.xml:36:13-32
	android:directBootAware
		ADDED from [androidx.work:work-runtime:2.1.0] AndroidManifest.xml:33:13-44
	android:name
		ADDED from [androidx.work:work-runtime:2.1.0] AndroidManifest.xml:31:13-69
service#androidx.work.impl.background.systemalarm.SystemAlarmService
ADDED from [androidx.work:work-runtime:2.1.0] AndroidManifest.xml:38:9-43:35
	android:enabled
		ADDED from [androidx.work:work-runtime:2.1.0] AndroidManifest.xml:41:13-72
	android:exported
		ADDED from [androidx.work:work-runtime:2.1.0] AndroidManifest.xml:42:13-37
	tools:targetApi
		ADDED from [androidx.work:work-runtime:2.1.0] AndroidManifest.xml:43:13-32
	android:directBootAware
		ADDED from [androidx.work:work-runtime:2.1.0] AndroidManifest.xml:40:13-44
	android:name
		ADDED from [androidx.work:work-runtime:2.1.0] AndroidManifest.xml:39:13-88
service#androidx.work.impl.background.systemjob.SystemJobService
ADDED from [androidx.work:work-runtime:2.1.0] AndroidManifest.xml:44:9-50:35
	android:enabled
		ADDED from [androidx.work:work-runtime:2.1.0] AndroidManifest.xml:47:13-70
	android:exported
		ADDED from [androidx.work:work-runtime:2.1.0] AndroidManifest.xml:48:13-36
	android:permission
		ADDED from [androidx.work:work-runtime:2.1.0] AndroidManifest.xml:49:13-69
	tools:targetApi
		ADDED from [androidx.work:work-runtime:2.1.0] AndroidManifest.xml:50:13-32
	android:directBootAware
		ADDED from [androidx.work:work-runtime:2.1.0] AndroidManifest.xml:46:13-44
	android:name
		ADDED from [androidx.work:work-runtime:2.1.0] AndroidManifest.xml:45:13-84
receiver#androidx.work.impl.utils.ForceStopRunnable$BroadcastReceiver
ADDED from [androidx.work:work-runtime:2.1.0] AndroidManifest.xml:52:9-57:35
	android:enabled
		ADDED from [androidx.work:work-runtime:2.1.0] AndroidManifest.xml:55:13-35
	android:exported
		ADDED from [androidx.work:work-runtime:2.1.0] AndroidManifest.xml:56:13-37
	tools:targetApi
		ADDED from [androidx.work:work-runtime:2.1.0] AndroidManifest.xml:57:13-32
	android:directBootAware
		ADDED from [androidx.work:work-runtime:2.1.0] AndroidManifest.xml:54:13-44
	android:name
		ADDED from [androidx.work:work-runtime:2.1.0] AndroidManifest.xml:53:13-88
receiver#androidx.work.impl.background.systemalarm.ConstraintProxy$BatteryChargingProxy
ADDED from [androidx.work:work-runtime:2.1.0] AndroidManifest.xml:58:9-68:20
	android:enabled
		ADDED from [androidx.work:work-runtime:2.1.0] AndroidManifest.xml:61:13-36
	android:exported
		ADDED from [androidx.work:work-runtime:2.1.0] AndroidManifest.xml:62:13-37
	tools:targetApi
		ADDED from [androidx.work:work-runtime:2.1.0] AndroidManifest.xml:63:13-32
	android:directBootAware